<?xml version="1.0" encoding="UTF-8"?>
<testsuite xmlns:xsi="http://www.w3.org/2001/XMLSchema-instance" xsi:noNamespaceSchemaLocation="https://maven.apache.org/surefire/maven-surefire-plugin/xsd/surefire-test-report-3.0.xsd" version="3.0" name="utils.TestRunner" time="15.313" tests="8" errors="0" skipped="0" failures="0">
  <properties>
[...]
</properties>
  <testcase name="To get the list of workspaces" classname="Workspace" time="4.269">
    <system-out><![CDATA[null
null
null
null
null
null
null
null
null
null
null
null
null
null
null
null
null
null
null
null
null
null
null
null
null
null
null
null
null
null
null
null
null
null
null
null
null
null
]]></system-out>
  </testcase>
  <testcase name="To create a workspace" classname="Workspace" time="2.341"/>
  <testcase name="Get the newly created workspace" classname="Workspace" time="1.439"/>
  <testcase name="Delete the newly created workspace" classname="Workspace" time="0.026"/>
  <testcase name="To get the workspace with wrong id" classname="Negitive scenarios for postman workspace" time="1.326"/>
  <testcase name="To create a workspace with wrong type" classname="Negitive scenarios for postman workspace" time="1.295"/>
  <testcase name="Try to delete workspace with invalid id" classname="Negitive scenarios for postman workspace" time="1.319"/>
  <testcase name="Check the error meassage when given a wrong URL" classname="Negitive scenarios for postman workspace" time="1.153"/>
</testsuite>